
Showing logs for build [32mvpoptani-jenkinsx-tutorial-mast-7hjdb-1[0m stage [32mfrom-build-pack[0m and container [32mstep-credential-initializer-x8p4h[0m
{"level":"info","ts":1591614134.4956608,"logger":"fallback-logger","caller":"logging/config.go:69","msg":"Fetch GitHub commit ID from kodata failed: open /var/run/ko/refs/heads/0.8.0-ns-support: no such file or directory"}
{"level":"info","ts":1591614134.4959383,"logger":"fallback-logger","caller":"creds-init/main.go:40","msg":"Credentials initialized."}

Showing logs for build [32mvpoptani-jenkinsx-tutorial-mast-7hjdb-1[0m stage [32mfrom-build-pack[0m and container [32mstep-working-dir-initializer-2w8qh[0m
{"level":"info","ts":1591614137.6905096,"logger":"fallback-logger","caller":"logging/config.go:69","msg":"Fetch GitHub commit ID from kodata failed: open /var/run/ko/HEAD: no such file or directory"}
{"level":"info","ts":1591614137.6916015,"logger":"fallback-logger","caller":"bash/main.go:64","msg":"Successfully executed command \"sh -c mkdir -p /workspace/source\"; output "}

Showing logs for build [32mvpoptani-jenkinsx-tutorial-mast-7hjdb-1[0m stage [32mfrom-build-pack[0m and container [32mstep-place-tools[0m

Showing logs for build [32mvpoptani-jenkinsx-tutorial-mast-7hjdb-1[0m stage [32mfrom-build-pack[0m and container [32mstep-git-source-vpoptani-jenkinsx-tutorial-mast-7hjdb-zf85m[0m
{"level":"info","ts":1591614178.8049488,"logger":"fallback-logger","caller":"logging/config.go:69","msg":"Fetch GitHub commit ID from kodata failed: open /var/run/ko/refs/heads/0.8.0-ns-support: no such file or directory"}
{"level":"info","ts":1591614179.103438,"logger":"fallback-logger","caller":"git/git.go:103","msg":"Successfully cloned https://github.com/********/jenkinsx-tutorial.git @ v0.0.1 in path /workspace/source"}

Showing logs for build [32mvpoptani-jenkinsx-tutorial-mast-7hjdb-1[0m stage [32mfrom-build-pack[0m and container [32mstep-git-merge[0m
Using SHAs from PULL_REFS=master:4c7bf0b9d1473220b1acce9fd4ab97c0630fd1e6
WARNING: no SHAs to merge, falling back to initial cloned commit

Showing logs for build [32mvpoptani-jenkinsx-tutorial-mast-7hjdb-1[0m stage [32mfrom-build-pack[0m and container [32mstep-setup-jx-git-credentials[0m
Generated Git credentials file /workspace/xdg_config/git/credentials

Showing logs for build [32mvpoptani-jenkinsx-tutorial-mast-7hjdb-1[0m stage [32mfrom-build-pack[0m and container [32mstep-build-python-unittest[0m

----------------------------------------------------------------------
Ran 0 tests in 0.000s

OK

Showing logs for build [32mvpoptani-jenkinsx-tutorial-mast-7hjdb-1[0m stage [32mfrom-build-pack[0m and container [32mstep-build-container-build[0m
E0608 11:03:03.246891      10 aws_credentials.go:77] while getting AWS credentials NoCredentialProviders: no valid providers in chain. Deprecated.
	For verbose messaging see aws.Config.CredentialsChainVerboseErrors
[36mINFO[0m[0000] Using dockerignore file: /workspace/source/.dockerignore 
[36mINFO[0m[0000] Retrieving image manifest python:onbuild     
[36mINFO[0m[0000] Retrieving image manifest python:onbuild     
[36mINFO[0m[0001] Built cross stage deps: map[]                
[36mINFO[0m[0001] Retrieving image manifest python:onbuild     
[36mINFO[0m[0001] Retrieving image manifest python:onbuild     
[36mINFO[0m[0001] Executing 3 build triggers                   
error building image: error building stage: failed to optimize instructions: failed to get files used from context: failed to get fileinfo for /workspace/source/requirements.txt: lstat /workspace/source/requirements.txt: no such file or directory
[31m
Pipeline failed on stage 'from-build-pack' : container 'step-build-container-build'. The execution of the pipeline has stopped.[0m
